<?xml version="1.0" encoding="UTF-8"?>
<!-- Generated by org.testng.reporters.JUnitXMLReporter -->
<testsuite hostname="ravi-Lenovo-G50-80" ignored="0" name="Test" tests="1" failures="1" timestamp="07 Jan 2019 20:30:02 GMT" time="81.364" errors="0">
  <testcase name="sampeTest" time="71.237" classname="com.tcs.rbc.appium.poc.automation.testcases.AmazonTestCase">
    <failure type="java.lang.AssertionError" message="expected [true] but found [false]">
      <![CDATA[java.lang.AssertionError: expected [true] but found [false]
at com.tcs.rbc.appium.poc.automation.testcases.AmazonTestCase.sampeTest(AmazonTestCase.java:34)
... Removed 29 stack frames]]>
    </failure>
  </testcase> <!-- sampeTest -->
</testsuite> <!-- Test -->
